<?xml version="1.0" encoding="UTF-8"?>
<!-- Generated by org.testng.reporters.JUnitXMLReporter -->
<testsuite hostname="LAPTOP-21DG8V1G" ignored="0" name="HTMLUnitTest" tests="1" failures="0" timestamp="03 Jun 2021 14:47:21 GMT" time="0.672" errors="0">
  <testcase name="@BeforeTest parameterTest" time="0.077" classname="com.SPERunner.SPERunnerTest">
    <failure type="java.lang.NoClassDefFoundError" message="net/sourceforge/htmlunit/corejs/javascript/Scriptable">
      <![CDATA[java.lang.NoClassDefFoundError: net/sourceforge/htmlunit/corejs/javascript/Scriptable
at com.SPERunner.SPERunnerTest.parameterTest(SPERunnerTest.java:82)
Caused by: java.lang.ClassNotFoundException: net.sourceforge.htmlunit.corejs.javascript.Scriptable
at java.net.URLClassLoader.findClass(URLClassLoader.java:381)
at java.lang.ClassLoader.loadClass(ClassLoader.java:424)
at sun.misc.Launcher$AppClassLoader.loadClass(Launcher.java:349)
at java.lang.ClassLoader.loadClass(ClassLoader.java:357)
... 29 more
... Removed 28 stack frames]]>
    </failure>
  </testcase> <!-- @BeforeTest parameterTest -->
  <testcase name="@AfterClass closeDriver" time="0.0" classname="com.SPERunner.SPERunnerTest">
    <skipped/>
  </testcase> <!-- @AfterClass closeDriver -->
  <testcase name="feature" time="0.0" classname="cucumber.api.testng.AbstractTestNGCucumberTests">
    <skipped/>
  </testcase> <!-- feature -->
</testsuite> <!-- HTMLUnitTest -->
